Log file open, 04/16/18 21:04:59
LogWindows: Failed to load 'aqProf.dll' (GetLastError=126)
LogWindows: File 'aqProf.dll' does not exist
LogWindows: Failed to load 'VtuneApi.dll' (GetLastError=126)
LogWindows: File 'VtuneApi.dll' does not exist
LogWindows: Failed to load 'VtuneApi32e.dll' (GetLastError=126)
LogWindows: File 'VtuneApi32e.dll' does not exist
LogInit: Display: Running engine for game: MyProject
LogPlatformFile: Not using cached read wrapper
LogInit: Display: RandInit(-67885370) SRandInit(-67885370).
LogInit: Read version file with build ID '3944462'
LogInit: Overriding engine version to CL 3944462, compatible CL 3944462
LogInit: Registered custom module enumerator with build ID '3944462'
LogTaskGraph: Started task graph with 5 named threads and 14 total threads with 3 sets of task threads.
LogStats: Stats thread started at 5.709689
LogD3D11RHI: Aftermath initialized
LogICUInternationalization: Display: ICU TimeZone Detection - Raw Offset: -5:00, Platform Override: ''
LogConfig: Warning: Failed to saved backup for config[Input]
LogModuleManager: Display: Found up-to-date module file ../../../Engine/Plugins/2D/Paper2D/Binaries/Win64/UE4Editor-Paper2D.dll (API version 3944462).
LogModuleManager: Display: Found up-to-date module file ../../../Engine/Plugins/2D/Paper2D/Binaries/Win64/UE4Editor-Paper2DEditor.dll (API version 3944462).
LogModuleManager: Display: Found up-to-date module file ../../../Engine/Plugins/2D/Paper2D/Binaries/Win64/UE4Editor-PaperSpriteSheetImporter.dll (API version 3944462).
LogModuleManager: Display: Found up-to-date module file ../../../Engine/Plugins/2D/Paper2D/Binaries/Win64/UE4Editor-PaperTiledImporter.dll (API version 3944462).
LogModuleManager: Display: Found up-to-date module file ../../../Engine/Plugins/2D/Paper2D/Binaries/Win64/UE4Editor-SmartSnapping.dll (API version 3944462).
LogModuleManager: Display: Found up-to-date module file ../../../Engine/Plugins/Blendables/LightPropagationVolume/Binaries/Win64/UE4Editor-LightPropagationVolumeRuntime.dll (API version 3944462).
LogModuleManager: Display: Found up-to-date module file ../../../Engine/Plugins/Blendables/LightPropagationVolume/Binaries/Win64/UE4Editor-LightPropagationVolumeEditor.dll (API version 3944462).
LogModuleManager: Display: Found up-to-date module file ../../../Engine/Plugins/Developer/CLionSourceCodeAccess/Binaries/Win64/UE4Editor-CLionSourceCodeAccess.dll (API version 3944462).
LogModuleManager: Display: Found up-to-date module file ../../../Engine/Plugins/Developer/GitSourceControl/Binaries/Win64/UE4Editor-GitSourceControl.dll (API version 3944462).
LogModuleManager: Display: Found up-to-date module file ../../../Engine/Plugins/Developer/PerforceSourceControl/Binaries/Win64/UE4Editor-PerforceSourceControl.dll (API version 3944462).
LogModuleManager: Display: Found up-to-date module file ../../../Engine/Plugins/Developer/SubversionSourceControl/Binaries/Win64/UE4Editor-SubversionSourceControl.dll (API version 3944462).
LogModuleManager: Display: Found up-to-date module file ../../../Engine/Plugins/Developer/UObjectPlugin/Binaries/Win64/UE4Editor-UObjectPlugin.dll (API version 3944462).
LogModuleManager: Display: Found up-to-date module file ../../../Engine/Plugins/Developer/VisualStudioCodeSourceCodeAccess/Binaries/Win64/UE4Editor-VisualStudioCodeSourceCodeAccess.dll (API version 3944462).
LogModuleManager: Display: Found up-to-date module file ../../../Engine/Plugins/Developer/VisualStudioSourceCodeAccess/Binaries/Win64/UE4Editor-VisualStudioSourceCodeAccess.dll (API version 3944462).
LogModuleManager: Display: Found up-to-date module file ../../../Engine/Plugins/Editor/AssetManagerEditor/Binaries/Win64/UE4Editor-AssetManagerEditor.dll (API version 3944462).
LogModuleManager: Display: Found up-to-date module file ../../../Engine/Plugins/Editor/CryptoKeys/Binaries/Win64/UE4Editor-CryptoKeys.dll (API version 3944462).
LogModuleManager: Display: Found up-to-date module file ../../../Engine/Plugins/Editor/CryptoKeys/Binaries/Win64/UE4Editor-CryptoKeysOpenSSL.dll (API version 3944462).
LogModuleManager: Display: Found up-to-date module file ../../../Engine/Plugins/Editor/DataValidation/Binaries/Win64/UE4Editor-DataValidation.dll (API version 3944462).
LogModuleManager: Display: Found up-to-date module file ../../../Engine/Plugins/Editor/FacialAnimation/Binaries/Win64/UE4Editor-FacialAnimation.dll (API version 3944462).
LogModuleManager: Display: Found up-to-date module file ../../../Engine/Plugins/Editor/FacialAnimation/Binaries/Win64/UE4Editor-FacialAnimationEditor.dll (API version 3944462).
LogModuleManager: Display: Found up-to-date module file ../../../Engine/Plugins/Editor/GameplayTagsEditor/Binaries/Win64/UE4Editor-GameplayTagsEditor.dll (API version 3944462).
LogModuleManager: Display: Found up-to-date module file ../../../Engine/Plugins/Editor/MobileLauncherProfileWizard/Binaries/Win64/UE4Editor-MobileLauncherProfileWizard.dll (API version 3944462).
LogModuleManager: Display: Found up-to-date module file ../../../Engine/Plugins/Editor/PluginBrowser/Binaries/Win64/UE4Editor-PluginBrowser.dll (API version 3944462).
LogModuleManager: Display: Found up-to-date module file ../../../Engine/Plugins/Editor/SpeedTreeImporter/Binaries/Win64/UE4Editor-SpeedTreeImporter.dll (API version 3944462).
LogModuleManager: Display: Found up-to-date module file ../../../Engine/Plugins/Enterprise/DatasmithContent/Binaries/Win64/UE4Editor-DatasmithContent.dll (API version 3944462).
LogModuleManager: Display: Found up-to-date module file ../../../Engine/Plugins/Experimental/AlembicImporter/Binaries/Win64/UE4Editor-AlembicImporter.dll (API version 3944462).
LogModuleManager: Display: Found up-to-date module file ../../../Engine/Plugins/Experimental/AlembicImporter/Binaries/Win64/UE4Editor-AlembicLibrary.dll (API version 3944462).
LogModuleManager: Display: Found up-to-date module file ../../../Engine/Plugins/Experimental/CharacterAI/Binaries/Win64/UE4Editor-CharacterAI.dll (API version 3944462).
LogModuleManager: Display: Found up-to-date module file ../../../Engine/Plugins/Experimental/HTML5Networking/Binaries/Win64/UE4Editor-HTML5Networking.dll (API version 3944462).
LogModuleManager: Display: Found up-to-date module file ../../../Engine/Plugins/Media/AndroidMedia/Binaries/Win64/UE4Editor-AndroidMediaEditor.dll (API version 3944462).
LogModuleManager: Display: Found up-to-date module file ../../../Engine/Plugins/Media/AndroidMedia/Binaries/Win64/UE4Editor-AndroidMediaFactory.dll (API version 3944462).
LogModuleManager: Display: Found up-to-date module file ../../../Engine/Plugins/Media/AvfMedia/Binaries/Win64/UE4Editor-AvfMediaEditor.dll (API version 3944462).
LogModuleManager: Display: Found up-to-date module file ../../../Engine/Plugins/Media/AvfMedia/Binaries/Win64/UE4Editor-AvfMediaFactory.dll (API version 3944462).
LogModuleManager: Display: Found up-to-date module file ../../../Engine/Plugins/Media/AvfMedia/Binaries/Win64/UE4Editor-AvfMediaFactory.dll (API version 3944462).
LogModuleManager: Display: Found up-to-date module file ../../../Engine/Plugins/Media/ImgMedia/Binaries/Win64/UE4Editor-ImgMedia.dll (API version 3944462).
LogModuleManager: Display: Found up-to-date module file ../../../Engine/Plugins/Media/ImgMedia/Binaries/Win64/UE4Editor-ImgMediaEditor.dll (API version 3944462).
LogModuleManager: Display: Found up-to-date module file ../../../Engine/Plugins/Media/ImgMedia/Binaries/Win64/UE4Editor-ImgMediaFactory.dll (API version 3944462).
LogModuleManager: Display: Found up-to-date module file ../../../Engine/Plugins/Media/ImgMedia/Binaries/Win64/UE4Editor-ImgMediaFactory.dll (API version 3944462).
LogModuleManager: Display: Found up-to-date module file ../../../Engine/Plugins/Media/ImgMedia/Binaries/Win64/UE4Editor-OpenExrWrapper.dll (API version 3944462).
LogModuleManager: Display: Found up-to-date module file ../../../Engine/Plugins/Media/LinearTimecode/Binaries/Win64/UE4Editor-LinearTimecode.dll (API version 3944462).
LogModuleManager: Display: Found up-to-date module file ../../../Engine/Plugins/Media/MediaCompositing/Binaries/Win64/UE4Editor-MediaCompositing.dll (API version 3944462).
LogModuleManager: Display: Found up-to-date module file ../../../Engine/Plugins/Media/MediaCompositing/Binaries/Win64/UE4Editor-MediaCompositingEditor.dll (API version 3944462).
LogModuleManager: Display: Found up-to-date module file ../../../Engine/Plugins/Media/MediaPlayerEditor/Binaries/Win64/UE4Editor-MediaPlayerEditor.dll (API version 3944462).
LogModuleManager: Display: Found up-to-date module file ../../../Engine/Plugins/Media/WmfMedia/Binaries/Win64/UE4Editor-WmfMedia.dll (API version 3944462).
LogModuleManager: Display: Found up-to-date module file ../../../Engine/Plugins/Media/WmfMedia/Binaries/Win64/UE4Editor-WmfMediaEditor.dll (API version 3944462).
LogModuleManager: Display: Found up-to-date module file ../../../Engine/Plugins/Media/WmfMedia/Binaries/Win64/UE4Editor-WmfMediaFactory.dll (API version 3944462).
LogModuleManager: Display: Found up-to-date module file ../../../Engine/Plugins/Media/WmfMedia/Binaries/Win64/UE4Editor-WmfMediaFactory.dll (API version 3944462).
LogModuleManager: Display: Found up-to-date module file ../../../Engine/Plugins/Messaging/TcpMessaging/Binaries/Win64/UE4Editor-TcpMessaging.dll (API version 3944462).
LogModuleManager: Display: Found up-to-date module file ../../../Engine/Plugins/Messaging/UdpMessaging/Binaries/Win64/UE4Editor-UdpMessaging.dll (API version 3944462).
LogModuleManager: Display: Found up-to-date module file ../../../Engine/Plugins/MovieScene/ActorSequence/Binaries/Win64/UE4Editor-ActorSequence.dll (API version 3944462).
LogModuleManager: Display: Found up-to-date module file ../../../Engine/Plugins/MovieScene/LevelSequenceEditor/Binaries/Win64/UE4Editor-LevelSequenceEditor.dll (API version 3944462).
LogModuleManager: Display: Found up-to-date module file ../../../Engine/Plugins/MovieScene/MatineeToLevelSequence/Binaries/Win64/UE4Editor-MatineeToLevelSequence.dll (API version 3944462).
LogModuleManager: Display: Found up-to-date module file ../../../Engine/Plugins/NetcodeUnitTest/NetcodeUnitTest/Binaries/Win64/UE4Editor-NetcodeUnitTest.dll (API version 3944462).
LogModuleManager: Display: Found up-to-date module file ../../../Engine/Plugins/NetcodeUnitTest/NUTUnrealEngine4/Binaries/Win64/UE4Editor-NUTUnrealEngine4.dll (API version 3944462).
LogModuleManager: Display: Found up-to-date module file ../../../Engine/Plugins/Online/OnlineSubsystem/Binaries/Win64/UE4Editor-OnlineSubsystem.dll (API version 3944462).
LogModuleManager: Display: Found up-to-date module file ../../../Engine/Plugins/Runtime/AndroidPermission/Binaries/Win64/UE4Editor-AndroidPermission.dll (API version 3944462).
LogModuleManager: Display: Found up-to-date module file ../../../Engine/Plugins/Online/OnlineSubsystemNull/Binaries/Win64/UE4Editor-OnlineSubsystemNull.dll (API version 3944462).
LogModuleManager: Display: Found up-to-date module file ../../../Engine/Plugins/Online/OnlineSubsystemUtils/Binaries/Win64/UE4Editor-OnlineSubsystemUtils.dll (API version 3944462).
LogModuleManager: Display: Found up-to-date module file ../../../Engine/Plugins/Online/OnlineSubsystemUtils/Binaries/Win64/UE4Editor-OnlineBlueprintSupport.dll (API version 3944462).
LogModuleManager: Display: Found up-to-date module file ../../../Engine/Plugins/Runtime/AndroidDeviceProfileSelector/Binaries/Win64/UE4Editor-AndroidDeviceProfileSelector.dll (API version 3944462).
LogModuleManager: Display: Found up-to-date module file ../../../Engine/Plugins/Runtime/AppleARKit/Binaries/Win64/UE4Editor-AppleARKit.dll (API version 3944462).
LogModuleManager: Display: Found up-to-date module file ../../../Engine/Plugins/Runtime/ProceduralMeshComponent/Binaries/Win64/UE4Editor-ProceduralMeshComponent.dll (API version 3944462).
LogModuleManager: Display: Found up-to-date module file ../../../Engine/Plugins/Runtime/ProceduralMeshComponent/Binaries/Win64/UE4Editor-ProceduralMeshComponentEditor.dll (API version 3944462).
LogModuleManager: Display: Found up-to-date module file ../../../Engine/Plugins/Animation/LiveLink/Binaries/Win64/UE4Editor-LiveLink.dll (API version 3944462).
LogModuleManager: Display: Found up-to-date module file ../../../Engine/Plugins/Animation/LiveLink/Binaries/Win64/UE4Editor-LiveLinkEditor.dll (API version 3944462).
LogModuleManager: Display: Found up-to-date module file ../../../Engine/Plugins/Runtime/ArchVisCharacter/Binaries/Win64/UE4Editor-ArchVisCharacter.dll (API version 3944462).
LogModuleManager: Display: Found up-to-date module file ../../../Engine/Plugins/Runtime/AudioCapture/Binaries/Win64/UE4Editor-AudioCapture.dll (API version 3944462).
LogModuleManager: Display: Found up-to-date module file ../../../Engine/Plugins/Runtime/AudioCapture/Binaries/Win64/UE4Editor-AudioCaptureEditor.dll (API version 3944462).
LogModuleManager: Display: Found up-to-date module file ../../../Engine/Plugins/Runtime/CableComponent/Binaries/Win64/UE4Editor-CableComponent.dll (API version 3944462).
LogModuleManager: Display: Found up-to-date module file ../../../Engine/Plugins/Runtime/CustomMeshComponent/Binaries/Win64/UE4Editor-CustomMeshComponent.dll (API version 3944462).
LogModuleManager: Display: Found up-to-date module file ../../../Engine/Plugins/Runtime/ExampleDeviceProfileSelector/Binaries/Win64/UE4Editor-ExampleDeviceProfileSelector.dll (API version 3944462).
LogModuleManager: Display: Found up-to-date module file ../../../Engine/Plugins/Runtime/ImmediatePhysics/Binaries/Win64/UE4Editor-ImmediatePhysics.dll (API version 3944462).
LogModuleManager: Display: Found up-to-date module file ../../../Engine/Plugins/Runtime/ImmediatePhysics/Binaries/Win64/UE4Editor-ImmediatePhysicsEditor.dll (API version 3944462).
LogModuleManager: Display: Found up-to-date module file ../../../Engine/Plugins/Runtime/LocationServicesBPLibrary/Binaries/Win64/UE4Editor-LocationServicesBPLibrary.dll (API version 3944462).
LogModuleManager: Display: Found up-to-date module file ../../../Engine/Plugins/Runtime/MobilePatchingUtils/Binaries/Win64/UE4Editor-MobilePatchingUtils.dll (API version 3944462).
LogModuleManager: Display: Found up-to-date module file ../../../Engine/Plugins/Runtime/Oculus/OculusVR/Binaries/Win64/UE4Editor-OculusHMD.dll (API version 3944462).
LogModuleManager: Display: Found up-to-date module file ../../../Engine/Plugins/Runtime/Oculus/OculusVR/Binaries/Win64/UE4Editor-OculusInput.dll (API version 3944462).
LogModuleManager: Display: Found up-to-date module file ../../../Engine/Plugins/Runtime/Oculus/OculusVR/Binaries/Win64/UE4Editor-OculusEditor.dll (API version 3944462).
LogModuleManager: Display: Found up-to-date module file ../../../Engine/Plugins/Runtime/PhysXVehicles/Binaries/Win64/UE4Editor-PhysXVehicles.dll (API version 3944462).
LogModuleManager: Display: Found up-to-date module file ../../../Engine/Plugins/Runtime/PhysXVehicles/Binaries/Win64/UE4Editor-PhysXVehiclesEditor.dll (API version 3944462).
LogModuleManager: Display: Found up-to-date module file ../../../Engine/Plugins/Runtime/RuntimePhysXCooking/Binaries/Win64/UE4Editor-RuntimePhysXCooking.dll (API version 3944462).
LogModuleManager: Display: Found up-to-date module file ../../../Engine/Plugins/Runtime/Steam/SteamVR/Binaries/Win64/UE4Editor-SteamVR.dll (API version 3944462).
LogModuleManager: Display: Found up-to-date module file ../../../Engine/Plugins/Runtime/Steam/SteamVR/Binaries/Win64/UE4Editor-SteamVRController.dll (API version 3944462).
LogModuleManager: Display: Found up-to-date module file ../../../Engine/Plugins/Runtime/WindowsMoviePlayer/Binaries/Win64/UE4Editor-WindowsMoviePlayer.dll (API version 3944462).
LogPluginManager: Mounting plugin Paper2D
LogPluginManager: Mounting plugin LiveLink
LogConfig: Warning: Failed to saved backup for config[LiveLink]
LogPluginManager: Mounting plugin LightPropagationVolume
LogPluginManager: Mounting plugin CLionSourceCodeAccess
LogPluginManager: Mounting plugin CodeLiteSourceCodeAccess
LogPluginManager: Mounting plugin GitSourceControl
LogPluginManager: Mounting plugin KDevelopSourceCodeAccess
LogPluginManager: Mounting plugin NullSourceCodeAccess
LogPluginManager: Mounting plugin PerforceSourceControl
LogPluginManager: Mounting plugin SubversionSourceControl
LogPluginManager: Mounting plugin UObjectPlugin
LogConfig: Warning: Failed to saved backup for config[UObjectPlugin]
LogPluginManager: Mounting plugin VisualStudioCodeSourceCodeAccess
LogPluginManager: Mounting plugin VisualStudioSourceCodeAccess
LogConfig: Warning: Failed to saved backup for config[VisualStudioSourceCodeAccess]
LogPluginManager: Mounting plugin XCodeSourceCodeAccess
LogPluginManager: Mounting plugin AssetManagerEditor
LogPluginManager: Mounting plugin CryptoKeys
LogPluginManager: Mounting plugin DataValidation
LogPluginManager: Mounting plugin FacialAnimation
LogPluginManager: Mounting plugin GameplayTagsEditor
LogPluginManager: Mounting plugin MobileLauncherProfileWizard
LogPluginManager: Mounting plugin PluginBrowser
LogPluginManager: Mounting plugin SpeedTreeImporter
LogPluginManager: Mounting plugin DatasmithContent
LogPluginManager: Mounting plugin AlembicImporter
LogPluginManager: Mounting plugin CharacterAI
LogPluginManager: Mounting plugin HTML5Networking
LogPluginManager: Mounting plugin AndroidMedia
LogPluginManager: Mounting plugin AvfMedia
LogPluginManager: Mounting plugin ImgMedia
LogPluginManager: Mounting plugin LinearTimecode
LogPluginManager: Mounting plugin MediaCompositing
LogConfig: Warning: Failed to saved backup for config[MediaCompositing]
LogPluginManager: Mounting plugin MediaPlayerEditor
LogPluginManager: Mounting plugin WmfMedia
LogPluginManager: Mounting plugin TcpMessaging
LogPluginManager: Mounting plugin UdpMessaging
LogPluginManager: Mounting plugin ActorSequence
LogPluginManager: Mounting plugin LevelSequenceEditor
LogPluginManager: Mounting plugin MatineeToLevelSequence
LogPluginManager: Mounting plugin NetcodeUnitTest
LogPluginManager: Mounting plugin NUTUnrealEngine4
LogPluginManager: Mounting plugin OnlineSubsystemGooglePlay
LogPluginManager: Mounting plugin OnlineSubsystemIOS
LogConfig: Warning: Failed to saved backup for config[OnlineSubsystemIOS]
LogPluginManager: Mounting plugin OnlineSubsystem
LogPluginManager: Mounting plugin OnlineSubsystemNull
LogPluginManager: Mounting plugin OnlineSubsystemUtils
LogPluginManager: Mounting plugin AndroidDeviceProfileSelector
LogPluginManager: Mounting plugin AndroidMoviePlayer
LogConfig: Warning: Failed to saved backup for config[AndroidMoviePlayer]
LogPluginManager: Mounting plugin AndroidPermission
LogPluginManager: Mounting plugin AppleARKit
LogPluginManager: Mounting plugin AppleMoviePlayer
LogPluginManager: Mounting plugin ArchVisCharacter
LogPluginManager: Mounting plugin AudioCapture
LogPluginManager: Mounting plugin CableComponent
LogPluginManager: Mounting plugin CustomMeshComponent
LogPluginManager: Mounting plugin ExampleDeviceProfileSelector
LogPluginManager: Mounting plugin GoogleCloudMessaging
LogPluginManager: Mounting plugin ImmediatePhysics
LogPluginManager: Mounting plugin IOSDeviceProfileSelector
LogPluginManager: Mounting plugin LinuxDeviceProfileSelector
LogPluginManager: Mounting plugin LocationServicesBPLibrary
LogPluginManager: Mounting plugin MobilePatchingUtils
LogConfig: Warning: Failed to saved backup for config[MobilePatchingUtils]
LogPluginManager: Mounting plugin OculusVR
LogPluginManager: Plugin shader directory ../../../Engine/Plugins/Runtime/Oculus/OculusVR/Shaders found
LogPluginManager: Mapping shader source directory ../../../Engine/Plugins/Runtime/Oculus/OculusVR/Shaders to virtual directory /Plugin/OculusVR
LogPluginManager: Mounting plugin PhysXVehicles
LogPluginManager: Mounting plugin ProceduralMeshComponent
LogPluginManager: Mounting plugin RuntimePhysXCooking
LogPluginManager: Mounting plugin SteamVR
LogPluginManager: Mounting plugin WindowsMoviePlayer
LogStreaming: Display: Took  4.236s to configure plugins.
LogInit: Using libcurl 7.47.1
LogInit:  - built for x86_64-pc-win32
LogInit:  - supports SSL with OpenSSL/1.0.2g
LogInit:  - supports HTTP deflate (compression) using libz 1.2.8
LogInit:  - other features:
LogInit:      CURL_VERSION_SSL
LogInit:      CURL_VERSION_LIBZ
LogInit:      CURL_VERSION_IPV6
LogInit:      CURL_VERSION_ASYNCHDNS
LogInit:      CURL_VERSION_LARGEFILE
LogInit:      CURL_VERSION_IDN
LogInit:  CurlRequestOptions (configurable via config and command line):
LogInit:  - bVerifyPeer = false  - Libcurl will NOT verify peer certificate
LogInit:  - bUseHttpProxy = false  - Libcurl will NOT use HTTP proxy
LogInit:  - bDontReuseConnections = false  - Libcurl will reuse connections
LogInit:  - CertBundlePath = nullptr  - Libcurl will use whatever was configured at build time.
LogInit:  - MaxHostConnections = 16  - Libcurl will limit the number of connections to a host
LogInit:  - LocalHostAddr = Default
LogInit: WinSock: version 1.1 (2.2), MaxSocks=32767, MaxUdp=65467
LogInit: WinSock: I am Stephen-PC (169.254.199.241:0)
LogInit: Build: ++UE4+Release-4.19-CL-3944462
LogInit: Engine Version: 4.19.0-3944462+++UE4+Release-4.19
LogInit: Compatible Engine Version: 4.19.0-3944462+++UE4+Release-4.19
LogInit: Net CL: 3944462
LogDevObjectVersion: Number of dev versions registered: 18
LogDevObjectVersion:   Dev-Blueprints (B0D832E4-1F89-4F0D-ACCF-7EB736FD4AA2): 10
LogDevObjectVersion:   Dev-Build (E1C64328-A22C-4D53-A36C-8E866417BD8C): 0
LogDevObjectVersion:   Dev-Core (375EC13C-06E4-48FB-B500-84F0262A717E): 2
LogDevObjectVersion:   Dev-Editor (E4B068ED-F494-42E9-A231-DA0B2E46BB41): 23
LogDevObjectVersion:   Dev-Framework (CFFC743F-43B0-4480-9391-14DF171D2073): 33
LogDevObjectVersion:   Dev-Mobile (B02B49B5-BB20-44E9-A304-32B752E40360): 2
LogDevObjectVersion:   Dev-Networking (A4E4105C-59A1-49B5-A7C5-40C4547EDFEE): 0
LogDevObjectVersion:   Dev-Online (39C831C9-5AE6-47DC-9A44-9C173E1C8E7C): 0
LogDevObjectVersion:   Dev-Physics (78F01B33-EBEA-4F98-B9B4-84EACCB95AA2): 0
LogDevObjectVersion:   Dev-Platform (6631380F-2D4D-43E0-8009-CF276956A95A): 0
LogDevObjectVersion:   Dev-Rendering (12F88B9F-8875-4AFC-A67C-D90C383ABD29): 25
LogDevObjectVersion:   Dev-Sequencer (7B5AE74C-D270-4C10-A958-57980B212A5A): 6
LogDevObjectVersion:   Dev-VR (D7296918-1DD6-4BDD-9DE2-64A83CC13884): 1
LogDevObjectVersion:   Dev-LoadTimes (C2A15278-BFE7-4AFE-6C17-90FF531DF755): 1
LogDevObjectVersion:   Private-Geometry (6EACA3D4-40EC-4CC1-B786-8BED09428FC5): 2
LogDevObjectVersion:   Dev-AnimPhys (29E575DD-E0A3-4627-9D10-D276232CDCEA): 16
LogDevObjectVersion:   Dev-ReflectionCapture (6B266CEC-1EC7-4B8F-A30B-E4D90942FC07): 1
LogDevObjectVersion:   Dev-Automation (0DF73D61-A23F-47EA-B727-89E90C41499A): 1
LogInit: Compiled (64-bit): Mar 13 2018 23:12:32
LogInit: Compiled with Visual C++: 19.00.24215.01
LogInit: Build Configuration: Development
LogInit: Branch Name: ++UE4+Release-4.19
LogInit: Command Line:  
LogInit: Base Directory: C:/Program Files/Epic Games/UE_4.19/Engine/Binaries/Win64/
LogInit: Installed Engine Build: 1
LogStreaming: Display: Took  0.000s to delete old logs.
LogInit: Presizing for max 8388607 objects, including 0 objects not considered by GC, pre-allocating 0 bytes for permanent pool.
LogInit: Object subsystem initialized
[2018.04.17-01.05.07:272][  0]LogInit: Selected Device Profile: [Windows]
[2018.04.17-01.05.07:272][  0]LogInit: Applying CVar settings loaded from the selected device profile: [Windows]
[2018.04.17-01.05.07:346][  0]LogConfig: Warning: Failed to saved backup for config[DeviceProfiles]
[2018.04.17-01.05.07:452][  0]LogInit: Computer: STEPHEN-PC
[2018.04.17-01.05.07:452][  0]LogInit: User: Stephen
[2018.04.17-01.05.07:452][  0]LogInit: CPU Page size=4096, Cores=4
[2018.04.17-01.05.07:452][  0]LogInit: High frequency timer resolution =3.326132 MHz
[2018.04.17-01.05.07:453][  0]LogMemory: Memory total: Physical=7.9GB (8GB approx)
[2018.04.17-01.05.07:453][  0]LogMemory: Platform Memory Stats for Windows
[2018.04.17-01.05.07:454][  0]LogMemory: Process Physical Memory: 275.48 MB used, 275.48 MB peak
[2018.04.17-01.05.07:454][  0]LogMemory: Process Virtual Memory: 270.68 MB used, 270.68 MB peak
[2018.04.17-01.05.07:454][  0]LogMemory: Physical Memory: 2934.66 MB used,  5195.59 MB free, 8130.26 MB total
[2018.04.17-01.05.07:454][  0]LogMemory: Virtual Memory: 640.51 MB used,  5195.59 MB free, 8388608.00 MB total
[2018.04.17-01.05.08:785][  0]LogInit: Using OS detected language (en-US).
[2018.04.17-01.05.08:786][  0]LogInit: Using OS detected locale (en-US).
[2018.04.17-01.05.09:278][  0]LogTextLocalizationManager: No specific localization for 'en-US' exists, so the 'en' localization will be used.
[2018.04.17-01.05.10:540][  0]LogStreaming: Display: Took  1.741s to EndInitTextLocalization.
[2018.04.17-01.05.10:558][  0]LogWindows: Failed to load 'shcore.dll' (GetLastError=126)
[2018.04.17-01.05.10:558][  0]LogWindows: File 'shcore.dll' does not exist
[2018.04.17-01.05.10:558][  0]LogInit: Setting process to DPI aware
[2018.04.17-01.05.10:860][  0]LogWindows: Failed to load 'shcore.dll' (GetLastError=126)
[2018.04.17-01.05.10:860][  0]LogWindows: File 'shcore.dll' does not exist
[2018.04.17-01.05.10:860][  0]LogInit: Setting process to DPI aware
[2018.04.17-01.05.11:634][  0]LogSlate: New Slate User Created.  User Index 0, Is Virtual User: 0
[2018.04.17-01.05.11:634][  0]LogSlate: Slate User Registered.  User Index 0, Is Virtual User: 0
[2018.04.17-01.05.12:807][  0]LogD3D11RHI: D3D11 adapters:
[2018.04.17-01.05.12:857][  0]LogD3D11RHI:    0. 'NVIDIA GeForce GTX 780' (Feature Level 11_0)
[2018.04.17-01.05.12:857][  0]LogD3D11RHI:       3013/0/3809 MB DedicatedVideo/DedicatedSystem/SharedSystem, Outputs:1, VendorId:0x10de
[2018.04.17-01.05.12:857][  0]LogD3D11RHI: Chosen D3D11 Adapter: 0
[2018.04.17-01.05.12:864][  0]LogD3D11RHI: Creating new Direct3DDevice
[2018.04.17-01.05.12:864][  0]LogD3D11RHI:     GPU DeviceId: 0x1004 (for the marketing name, search the web for "GPU Device Id")
[2018.04.17-01.05.12:864][  0]LogWindows: EnumDisplayDevices:
[2018.04.17-01.05.12:864][  0]LogWindows:    0. 'NVIDIA GeForce GTX 780' (P:1 D:1)
[2018.04.17-01.05.12:864][  0]LogWindows:    1. 'NVIDIA GeForce GTX 780' (P:0 D:0)
[2018.04.17-01.05.12:865][  0]LogWindows:    2. 'NVIDIA GeForce GTX 780' (P:0 D:0)
[2018.04.17-01.05.12:865][  0]LogWindows:    3. 'NVIDIA GeForce GTX 780' (P:0 D:0)
[2018.04.17-01.05.12:865][  0]LogWindows:    4. 'RDPDD Chained DD' (P:0 D:0)
[2018.04.17-01.05.12:865][  0]LogWindows:    5. 'RDP Encoder Mirror Driver' (P:0 D:0)
[2018.04.17-01.05.12:865][  0]LogWindows:    6. 'RDP Reflector Display Driver' (P:0 D:0)
[2018.04.17-01.05.12:865][  0]LogWindows: DebugString: GetVideoDriverDetailsInvalid PrimaryIsNotTheChoosenAdapter GetVideoDriverDetailsInvalid PrimaryIsNotTheChoosenAdapter GetVideoDriverDetailsInvalid PrimaryIsNotTheChoosenAdapter FoundDriverCount:4 
[2018.04.17-01.05.12:865][  0]LogD3D11RHI:     Adapter Name: NVIDIA GeForce GTX 780
[2018.04.17-01.05.12:866][  0]LogD3D11RHI:   Driver Version: 388.13 (internal:23.21.13.8813, unified:388.13)
[2018.04.17-01.05.12:866][  0]LogD3D11RHI:      Driver Date: 10-27-2017
[2018.04.17-01.05.12:866][  0]LogRHI: Texture pool is 2109 MB (70% of 3013 MB)
[2018.04.17-01.05.12:944][  0]LogD3D11RHI: [Aftermath] Aftermath enabled but failed to initialize
[2018.04.17-01.05.12:944][  0]LogD3D11RHI: Async texture creation enabled
[2018.04.17-01.05.13:347][  0]LogD3D11RHI: GPU Timing Frequency: 1000.000000 (Debug: 2 2)
[2018.04.17-01.05.13:613][  0]LogShaderCompilers: Guid format shader working directory is -19 characters bigger than the processId version (../../../../../../Users/Stephen/Documents/Unreal Projects/MyProject/Intermediate/Shaders/WorkingDirectory/8464/).
[2018.04.17-01.05.13:640][  0]LogShaderCompilers: Cleaned the shader compiler working directory 'C:/Users/Stephen/AppData/Local/Temp/UnrealShaderWorkingDir/60C588434DEA8C221DA675AF50A1B33B/'.
[2018.04.17-01.05.18:342][  0]LogTemp: Display: Loaded TP AllDesktopTargetPlatform
[2018.04.17-01.05.18:422][  0]LogTemp: Display: Loaded TP MacClientTargetPlatform
[2018.04.17-01.05.18:446][  0]LogTemp: Display: Loaded TP MacNoEditorTargetPlatform
[2018.04.17-01.05.18:491][  0]LogTemp: Display: Loaded TP MacServerTargetPlatform
[2018.04.17-01.05.18:653][  0]LogTemp: Display: Loaded TP MacTargetPlatform
[2018.04.17-01.05.18:719][  0]LogTemp: Display: Loaded TP WindowsClientTargetPlatform
[2018.04.17-01.05.18:793][  0]LogTemp: Display: Loaded TP WindowsNoEditorTargetPlatform
[2018.04.17-01.05.18:853][  0]LogTemp: Display: Loaded TP WindowsServerTargetPlatform
[2018.04.17-01.05.18:954][  0]LogTemp: Display: Loaded TP WindowsTargetPlatform
[2018.04.17-01.05.19:039][  0]LogTemp: Display: Loaded TP Android_ASTCTargetPlatform
[2018.04.17-01.05.19:139][  0]LogTemp: Display: Loaded TP Android_ATCTargetPlatform
[2018.04.17-01.05.19:260][  0]LogTemp: Display: Loaded TP Android_DXTTargetPlatform
[2018.04.17-01.05.19:339][  0]LogTemp: Display: Loaded TP Android_ETC1aTargetPlatform
[2018.04.17-01.05.19:420][  0]LogTemp: Display: Loaded TP Android_ETC1TargetPlatform
[2018.04.17-01.05.19:494][  0]LogTemp: Display: Loaded TP Android_ETC2TargetPlatform
[2018.04.17-01.05.19:676][  0]LogTemp: Display: Loaded TP Android_MultiTargetPlatform
[2018.04.17-01.05.19:676][  0]LogTemp: Display: Loaded TP Android_PVRTCTargetPlatform
[2018.04.17-01.05.19:788][  0]LogTemp: Display: Loaded TP AndroidTargetPlatform
[2018.04.17-01.05.19:882][  0]LogTemp: Display: Loaded TP HTML5TargetPlatform
[2018.04.17-01.05.20:196][  0]LogTemp: Display: Loaded TP IOSTargetPlatform
[2018.04.17-01.05.20:234][  0]LogTemp: Display: Loaded TP TVOSTargetPlatform
[2018.04.17-01.05.20:318][  0]LogTemp: Display: Loaded TP LinuxClientTargetPlatform
[2018.04.17-01.05.20:355][  0]LogTemp: Display: Loaded TP LinuxNoEditorTargetPlatform
[2018.04.17-01.05.20:419][  0]LogTemp: Display: Loaded TP LinuxServerTargetPlatform
[2018.04.17-01.05.20:531][  0]LogTemp: Display: Loaded TP LinuxTargetPlatform
[2018.04.17-01.05.20:531][  0]LogTargetPlatformManager: Display: Building Assets For Windows
[2018.04.17-01.05.24:157][  0]LogXGEController: Cannot use XGE Controller as Incredibuild is not installed on this machine.
[2018.04.17-01.05.24:202][  0]LogShaderCompilers: Cannot use XGE Shader Compiler as Incredibuild is not installed on this machine.
[2018.04.17-01.05.24:202][  0]LogShaderCompilers: Display: Using Local Shader Compiler.
[2018.04.17-01.05.28:801][  0]LogDerivedDataCache: Display: Max Cache Size: 512 MB
[2018.04.17-01.05.29:400][  0]LogDerivedDataCache: Loaded boot cache 0.58s 74MB C:/Users/Stephen/AppData/Local/UnrealEngine/4.19/DerivedDataCache/Boot.ddc.
[2018.04.17-01.05.29:400][  0]LogDerivedDataCache: Display: Loaded Boot cache: C:/Users/Stephen/AppData/Local/UnrealEngine/4.19/DerivedDataCache/Boot.ddc
[2018.04.17-01.05.29:400][  0]LogDerivedDataCache: FDerivedDataBackendGraph:  Pak pak cache file ../../../../../../Users/Stephen/Documents/Unreal Projects/MyProject/DerivedDataCache/DDC.ddp not found, will not use a pak cache.
[2018.04.17-01.05.29:400][  0]LogDerivedDataCache: Unable to find inner node Pak for hierarchical cache Hierarchy.
[2018.04.17-01.05.29:400][  0]LogDerivedDataCache: FDerivedDataBackendGraph:  CompressedPak pak cache file ../../../../../../Users/Stephen/Documents/Unreal Projects/MyProject/DerivedDataCache/Compressed.ddp not found, will not use a pak cache.
[2018.04.17-01.05.29:400][  0]LogDerivedDataCache: Unable to find inner node CompressedPak for hierarchical cache Hierarchy.
[2018.04.17-01.05.29:500][  0]LogDerivedDataCache: Display: Pak cache opened for reading ../../../Engine/DerivedDataCache/Compressed.ddp.
[2018.04.17-01.05.29:538][  0]LogDerivedDataCache: Using Local data cache path C:/Users/Stephen/AppData/Local/UnrealEngine/Common/DerivedDataCache: Writable
[2018.04.17-01.05.29:611][  0]LogMaterial: Verifying Global Shaders for PCD3D_SM5
[2018.04.17-01.05.29:678][  0]LogSlate: Using Freetype 2.6.0
[2018.04.17-01.05.29:811][  0]LogSlate: SlateFontCache - WITH_FREETYPE: 1, WITH_HARFBUZZ: 1
[2018.04.17-01.05.29:811][  0]LogSlate: SlateFontCache - WITH_FREETYPE: 1, WITH_HARFBUZZ: 1
[2018.04.17-01.05.35:341][  0]LogAssetRegistry: FAssetRegistry took 0.0408 seconds to start up
[2018.04.17-01.05.42:934][  0]LogInit: Selected Device Profile: [Windows]
[2018.04.17-01.05.45:408][  0]LogAssetRegistry: Error: Failed to open file for write ../../../../../../Users/Stephen/Documents/Unreal Projects/MyProject/Intermediate/CachedAssetRegistry.bin
[2018.04.17-01.05.45:408][  0]LogSimplygon: Simplygon DLL not present - disabling.
[2018.04.17-01.05.45:454][  0]LogMeshReduction: Using SimplygonSwarm for distributed automatic mesh merging
[2018.04.17-01.05.45:454][  0]LogMeshReduction: Using QuadricMeshReduction for automatic static mesh reduction
[2018.04.17-01.05.45:454][  0]LogMeshReduction: No automatic skeletal mesh reduction module available
[2018.04.17-01.05.45:454][  0]LogMeshReduction: No automatic mesh merging module available
[2018.04.17-01.05.45:454][  0]LogMeshMerging: No automatic mesh merging module available
[2018.04.17-01.05.45:882][  0]LogNetVersion: MyProject , NetCL: 3944462, EngineNetVer: 2, GameNetVer: 0 (Checksum: 2475486345)
[2018.04.17-01.05.52:177][  0]LogFileManager: Warning: MoveFile was unable to move '../../../../../../Users/Stephen/Documents/Unreal Projects/MyProject/Intermediate/AssetRegistryCache/1d5167fa.bin.tmp' to '../../../../../../Users/Stephen/Documents/Unreal Projects/MyProject/Intermediate/AssetRegistryCache/1d5167fa.bin', retrying in .5s...
[2018.04.17-01.05.52:677][  0]LogFileManager: Warning: MoveFile was unable to move '../../../../../../Users/Stephen/Documents/Unreal Projects/MyProject/Intermediate/AssetRegistryCache/1d5167fa.bin.tmp' to '../../../../../../Users/Stephen/Documents/Unreal Projects/MyProject/Intermediate/AssetRegistryCache/1d5167fa.bin', retrying in .5s...
[2018.04.17-01.05.53:177][  0]LogFileManager: Warning: MoveFile was unable to move '../../../../../../Users/Stephen/Documents/Unreal Projects/MyProject/Intermediate/AssetRegistryCache/1d5167fa.bin.tmp' to '../../../../../../Users/Stephen/Documents/Unreal Projects/MyProject/Intermediate/AssetRegistryCache/1d5167fa.bin', retrying in .5s...
[2018.04.17-01.05.53:677][  0]LogFileManager: Warning: MoveFile was unable to move '../../../../../../Users/Stephen/Documents/Unreal Projects/MyProject/Intermediate/AssetRegistryCache/1d5167fa.bin.tmp' to '../../../../../../Users/Stephen/Documents/Unreal Projects/MyProject/Intermediate/AssetRegistryCache/1d5167fa.bin', retrying in .5s...
[2018.04.17-01.05.54:177][  0]LogFileManager: Warning: MoveFile was unable to move '../../../../../../Users/Stephen/Documents/Unreal Projects/MyProject/Intermediate/AssetRegistryCache/1d5167fa.bin.tmp' to '../../../../../../Users/Stephen/Documents/Unreal Projects/MyProject/Intermediate/AssetRegistryCache/1d5167fa.bin', retrying in .5s...
[2018.04.17-01.05.54:677][  0]LogFileManager: Warning: MoveFile was unable to move '../../../../../../Users/Stephen/Documents/Unreal Projects/MyProject/Intermediate/AssetRegistryCache/1d5167fa.bin.tmp' to '../../../../../../Users/Stephen/Documents/Unreal Projects/MyProject/Intermediate/AssetRegistryCache/1d5167fa.bin', retrying in .5s...
[2018.04.17-01.05.55:177][  0]LogFileManager: Warning: MoveFile was unable to move '../../../../../../Users/Stephen/Documents/Unreal Projects/MyProject/Intermediate/AssetRegistryCache/1d5167fa.bin.tmp' to '../../../../../../Users/Stephen/Documents/Unreal Projects/MyProject/Intermediate/AssetRegistryCache/1d5167fa.bin', retrying in .5s...
[2018.04.17-01.05.55:677][  0]LogFileManager: Warning: MoveFile was unable to move '../../../../../../Users/Stephen/Documents/Unreal Projects/MyProject/Intermediate/AssetRegistryCache/1d5167fa.bin.tmp' to '../../../../../../Users/Stephen/Documents/Unreal Projects/MyProject/Intermediate/AssetRegistryCache/1d5167fa.bin', retrying in .5s...
[2018.04.17-01.05.56:177][  0]LogFileManager: Warning: MoveFile was unable to move '../../../../../../Users/Stephen/Documents/Unreal Projects/MyProject/Intermediate/AssetRegistryCache/1d5167fa.bin.tmp' to '../../../../../../Users/Stephen/Documents/Unreal Projects/MyProject/Intermediate/AssetRegistryCache/1d5167fa.bin', retrying in .5s...
[2018.04.17-01.05.56:677][  0]LogFileManager: Warning: MoveFile was unable to move '../../../../../../Users/Stephen/Documents/Unreal Projects/MyProject/Intermediate/AssetRegistryCache/1d5167fa.bin.tmp' to '../../../../../../Users/Stephen/Documents/Unreal Projects/MyProject/Intermediate/AssetRegistryCache/1d5167fa.bin', retrying in .5s...
[2018.04.17-01.05.57:177][  0]LogFileManager: Error: Error moving file '../../../../../../Users/Stephen/Documents/Unreal Projects/MyProject/Intermediate/AssetRegistryCache/1d5167fa.bin.tmp' to '../../../../../../Users/Stephen/Documents/Unreal Projects/MyProject/Intermediate/AssetRegistryCache/1d5167fa.bin'.
[2018.04.17-01.05.57:261][  0]LogPackageLocalizationCache: Processed 9 localized package path(s) for 2 prioritized culture(s) in 5.163411 seconds
[2018.04.17-01.05.57:268][  0]LogUObjectArray: 36728 objects as part of root set at end of initial load.
[2018.04.17-01.05.57:268][  0]LogUObjectAllocator: 7314304 out of 0 bytes used by permanent object pool.
[2018.04.17-01.05.57:268][  0]LogUObjectArray: CloseDisregardForGC: 0/0 objects in disregard for GC pool
[2018.04.17-01.06.21:662][  0]LogConfig: Warning: Failed to saved backup for config[TranslationPickerSettings]
[2018.04.17-01.06.23:274][  0]LogTcpMessaging: Initializing TcpMessaging bridge
[2018.04.17-01.06.23:324][  0]LogUdpMessaging: Initializing bridge on interface 0.0.0.0:0 to multicast group 230.0.0.1:6666.
[2018.04.17-01.06.25:186][  0]SourceControl: Source control is disabled
[2018.04.17-01.06.25:186][  0]SourceControl: Source control is disabled
[2018.04.17-01.06.25:395][  0]SourceControl: Source control is disabled
[2018.04.17-01.06.25:454][  0]SourceControl: Source control is disabled
[2018.04.17-01.06.25:803][  0]LogConfig: Warning: Failed to saved backup for config[Encryption]
[2018.04.17-01.06.27:312][  0]LogAndroidPermission: UAndroidPermissionCallbackProxy::GetInstance
[2018.04.17-01.06.27:851][  0]LogOcInput: OculusInput pre-init called
[2018.04.17-01.06.28:693][  0]LogEngine: Initializing Engine...
[2018.04.17-01.06.28:741][  0]LogHMD: Failed to initialize OpenVR with code 100
[2018.04.17-01.06.28:776][  0]LogStats: UGameplayTagsManager::ConstructGameplayTagTree: Construct from data asset -  0.000 s
[2018.04.17-01.06.28:777][  0]LogStats: UGameplayTagsManager::ConstructGameplayTagTree: GameplayTagTreeChangedEvent.Broadcast -  0.000 s
[2018.04.17-01.06.30:044][  0]LogAIModule: Creating AISystem for world Untitled
[2018.04.17-01.06.30:168][  0]LogInit: XAudio2 using 'Speakers (High Definition Audio Device)' : 2 channels at 44.1 kHz using 16 bits per sample (channel mask 0x3)
[2018.04.17-01.06.30:295][  0]LogInit: FAudioDevice initialized.
[2018.04.17-01.06.30:762][  0]LogDerivedDataCache: Saved boot cache 0.47s 74MB C:/Users/Stephen/AppData/Local/UnrealEngine/4.19/DerivedDataCache/Boot.ddc.
[2018.04.17-01.06.30:790][  0]LogInit: Texture streaming: Enabled
[2018.04.17-01.06.30:938][  0]LogEngineSessionManager: EngineSessionManager initialized
[2018.04.17-01.06.31:569][  0]LogInit: Transaction tracking system initialized
[2018.04.17-01.06.32:300][  0]BlueprintLog: New page: Editor Load
[2018.04.17-01.06.33:962][  0]LocalizationService: Localization service is disabled
[2018.04.17-01.06.34:986][  0]LogConsoleResponse: Display: 
[2018.04.17-01.06.39:070][  0]LogFileCache: Scanning file cache for directory 'C:/Users/Stephen/Documents/Unreal Projects/MyProject/Content/' took 0.04s
[2018.04.17-01.06.39:071][  0]LogCook: Display: Max memory allowance for cook 16384mb min free memory 0mb
[2018.04.17-01.06.39:071][  0]LogCook: Display: Mobile HDR setting 1
[2018.04.17-01.06.39:071][  0]LogGameplayTags: Display: UGameplayTagsManager::DoneAddingNativeTags. DelegateIsBound: 0
[2018.04.17-01.06.39:071][  0]LogStats: UGameplayTagsManager::ConstructGameplayTagTree: Construct from data asset -  0.000 s
[2018.04.17-01.06.39:071][  0]LogStats: UGameplayTagsManager::ConstructGameplayTagTree: GameplayTagTreeChangedEvent.Broadcast -  0.000 s
[2018.04.17-01.06.41:861][  0]SourceControl: Source control is disabled
[2018.04.17-01.06.41:909][  0]Cmd: MAP LOAD FILE="../../../../../../Users/Stephen/Documents/Unreal Projects/MyProject/Content/ThirdPersonBP/Maps/ThirdPersonExampleMap.umap" TEMPLATE=0 SHOWPROGRESS=1 FEATURELEVEL=3
[2018.04.17-01.06.41:914][  0]LightingResults: New page: Lighting Build
[2018.04.17-01.06.42:112][  0]MapCheck: New page: Map Check
[2018.04.17-01.06.42:112][  0]LightingResults: New page: Lighting Build
[2018.04.17-01.06.46:410][  0]LogSkeletalMesh: Skeletal Mesh found in DDC [28.779375ms] /Game/Mannequin/Character/Mesh/SK_Mannequin.SK_Mannequin
[2018.04.17-01.06.46:946][  0]LogAIModule: Creating AISystem for world ThirdPersonExampleMap
[2018.04.17-01.06.47:454][  0]LogEditorServer: Finished looking for orphan Actors (0.000 secs)
[2018.04.17-01.06.47:667][  0]Cmd: MAP CHECKDEP NOCLEARLOG
[2018.04.17-01.06.47:742][  0]MapCheck: Map check complete: 0 Error(s), 0 Warning(s), took 74.583ms to complete.
[2018.04.17-01.06.47:742][  0]LogFileHelpers: Loading map 'ThirdPersonExampleMap' took 5.842
[2018.04.17-01.06.49:255][  0]LogCollectionManager: Loaded 0 collections in 0.018892 seconds
[2018.04.17-01.06.49:452][  0]LogFileCache: Scanning file cache for directory 'C:/Users/Stephen/Documents/Unreal Projects/MyProject/Saved/Collections/' took 0.01s
[2018.04.17-01.06.49:452][  0]LogFileCache: Scanning file cache for directory 'C:/Users/Stephen/Documents/Unreal Projects/MyProject/Content/Developers/Stephen/Collections/' took 0.01s
[2018.04.17-01.06.49:452][  0]LogFileCache: Scanning file cache for directory 'C:/Users/Stephen/Documents/Unreal Projects/MyProject/Content/Collections/' took 0.01s
[2018.04.17-01.06.49:452][  0]LogCollectionManager: Rebuilt the GUID cache for 0 collections in 0.000001 seconds
[2018.04.17-01.06.49:486][  0]LogContentBrowser: Native class hierarchy populated in 0.0333 seconds. Added 2452 classes and 558 folders.
[2018.04.17-01.06.49:555][  0]LogContentBrowser: Native class hierarchy updated for 'WidgetCarousel' in 0.0003 seconds. Added 0 classes and 0 folders.
[2018.04.17-01.06.50:280][  0]LogContentBrowser: Native class hierarchy updated for 'AddContentDialog' in 0.0007 seconds. Added 0 classes and 0 folders.
[2018.04.17-01.06.50:354][  0]LogContentBrowser: Native class hierarchy updated for 'SceneOutliner' in 0.0007 seconds. Added 1 classes and 2 folders.
[2018.04.17-01.06.50:944][  0]LogSlate: Took 0.030242 seconds to synchronously load lazily loaded font '../../../Engine/Content/Slate/Fonts/Roboto-Regular.ttf' (155K)
[2018.04.17-01.06.51:008][  0]LogSlate: Took 0.060565 seconds to synchronously load lazily loaded font '../../../Engine/Content/Slate/Fonts/Roboto-Bold.ttf' (160K)
[2018.04.17-01.06.51:078][  0]LogSlate: Took 0.020910 seconds to synchronously load lazily loaded font '../../../Engine/Content/Editor/Slate/Fonts/FontAwesome.ttf' (139K)
[2018.04.17-01.06.51:699][  0]LogRenderer: Reallocating scene render targets to support 1080x576 Format 10 NumSamples 1 (Frame:1).
[2018.04.17-01.06.52:273][  0]LogContentBrowser: Native class hierarchy updated for 'HierarchicalLODOutliner' in 0.0004 seconds. Added 0 classes and 0 folders.
[2018.04.17-01.06.52:274][  0]LogLoad: (Engine Initialization) Total time: 129.77 seconds
[2018.04.17-01.06.52:274][  0]LogLoad: (Engine Initialization) Total Blueprint compile time: 0.00 seconds
[2018.04.17-01.06.52:822][  0]LogContentStreaming: Texture pool size now 1000 MB
[2018.04.17-01.06.53:109][  0]LogSlate: Took 0.036086 seconds to synchronously load lazily loaded font '../../../Engine/Content/Slate/Fonts/Roboto-Light.ttf' (167K)
[2018.04.17-01.06.54:176][  4]LogAssetRegistry: Asset discovery search completed in 78.8548 seconds
[2018.04.17-01.06.54:185][  4]LogCollectionManager: Rebuilt the object cache for 0 collections in 0.000001 seconds (found 0 objects)
[2018.04.17-01.06.54:185][  4]LogCollectionManager: Fixed up redirectors for 0 collections in 0.000065 seconds (updated 0 objects)
[2018.04.17-01.11.20:434][802]LogSlate: Window 'MyProject - Unreal Editor' being destroyed
[2018.04.17-01.11.20:683][803]Cmd: QUIT_EDITOR
[2018.04.17-01.11.20:807][803]LogSlate: Slate User Destroyed.  User Index 0, Is Virtual User: 0
[2018.04.17-01.11.20:816][803]LogExit: Preparing to exit.
[2018.04.17-01.11.21:471][803]LogDirectoryWatcher: A directory notification for 'C:/Users/Stephen/Documents/Unreal Projects/MyProject/Content/' was aborted.
[2018.04.17-01.11.21:502][803]LogExit: Editor shut down
[2018.04.17-01.11.21:507][803]LogExit: Transaction tracking system shut down
[2018.04.17-01.11.21:613][803]LogDirectoryWatcher: A directory notification for '../../../Engine/Content/' was aborted.
[2018.04.17-01.11.21:614][803]LogDirectoryWatcher: A directory notification for '../../../../../../Users/Stephen/Documents/Unreal Projects/MyProject/Content/' was aborted.
[2018.04.17-01.11.21:614][803]LogDirectoryWatcher: A directory notification for '../../Plugins/2D/Paper2D/Content/' was aborted.
[2018.04.17-01.11.21:614][803]LogDirectoryWatcher: A directory notification for '../../Plugins/Enterprise/DatasmithContent/Content/' was aborted.
[2018.04.17-01.11.21:614][803]LogDirectoryWatcher: A directory notification for '../../Plugins/Media/MediaCompositing/Content/' was aborted.
[2018.04.17-01.11.21:614][803]LogDirectoryWatcher: A directory notification for '../../Plugins/Runtime/AppleARKit/Content/' was aborted.
[2018.04.17-01.11.21:614][803]LogDirectoryWatcher: A directory notification for '../../Plugins/Runtime/Oculus/OculusVR/Content/' was aborted.
[2018.04.17-01.11.21:615][803]LogDirectoryWatcher: A directory notification for '../../Plugins/Runtime/Steam/SteamVR/Content/' was aborted.
[2018.04.17-01.11.22:136][803]LogExit: Object subsystem successfully closed.
[2018.04.17-01.11.22:196][803]LogShaderCompilers: Display: Shaders left to compile 0
[2018.04.17-01.11.22:200][803]LogD3D11RHI: Shutdown
[2018.04.17-01.11.22:200][803]LogD3D11RHI: CleanupD3DDevice
[2018.04.17-01.11.22:202][803]LogD3D11RHI: ~FD3D11DynamicRHI
[2018.04.17-01.11.22:407][803]LogModuleManager: Shutting down and abandoning module HierarchicalLODOutliner (574)
[2018.04.17-01.11.22:407][803]LogModuleManager: Shutting down and abandoning module SceneOutliner (572)
[2018.04.17-01.11.22:414][803]LogModuleManager: Shutting down and abandoning module AddContentDialog (570)
[2018.04.17-01.11.22:424][803]LogDirectoryWatcher: A directory notification for 'C:/Program Files/Epic Games/UE_4.19/FeaturePacks/' was aborted.
[2018.04.17-01.11.22:425][803]LogModuleManager: Shutting down and abandoning module WidgetCarousel (569)
[2018.04.17-01.11.22:425][803]LogModuleManager: Shutting down and abandoning module EditorWidgets (566)
[2018.04.17-01.11.22:425][803]LogModuleManager: Shutting down and abandoning module CollectionManager (564)
[2018.04.17-01.11.22:425][803]LogDirectoryWatcher: A directory notification for 'C:/Users/Stephen/Documents/Unreal Projects/MyProject/Content/Collections/' was aborted.
[2018.04.17-01.11.22:425][803]LogDirectoryWatcher: A directory notification for 'C:/Users/Stephen/Documents/Unreal Projects/MyProject/Content/Developers/Stephen/Collections/' was aborted.
[2018.04.17-01.11.22:425][803]LogDirectoryWatcher: A directory notification for 'C:/Users/Stephen/Documents/Unreal Projects/MyProject/Saved/Collections/' was aborted.
[2018.04.17-01.11.22:425][803]LogModuleManager: Shutting down and abandoning module StatsViewer (562)
[2018.04.17-01.11.22:425][803]LogModuleManager: Shutting down and abandoning module FoliageEdit (560)
[2018.04.17-01.11.22:425][803]LogModuleManager: Shutting down and abandoning module LandscapeEditor (558)
[2018.04.17-01.11.22:433][803]LogModuleManager: Shutting down and abandoning module MeshPaintMode (556)
[2018.04.17-01.11.22:434][803]LogModuleManager: Shutting down and abandoning module SceneDepthPickerMode (554)
[2018.04.17-01.11.22:434][803]LogModuleManager: Shutting down and abandoning module ActorPickerMode (552)
[2018.04.17-01.11.22:434][803]LogModuleManager: Shutting down and abandoning module GeometryMode (550)
[2018.04.17-01.11.22:434][803]LogModuleManager: Shutting down and abandoning module TextureAlignMode (548)
[2018.04.17-01.11.22:434][803]LogModuleManager: Shutting down and abandoning module BspMode (546)
[2018.04.17-01.11.22:434][803]LogModuleManager: Shutting down and abandoning module PIEPreviewDeviceProfileSelector (544)
[2018.04.17-01.11.22:434][803]LogModuleManager: Shutting down and abandoning module HardwareSurvey (542)
[2018.04.17-01.11.22:434][803]LogModuleManager: Shutting down and abandoning module SequenceRecorderSections (540)
[2018.04.17-01.11.22:434][803]LogModuleManager: Shutting down and abandoning module AutomationWorker (538)
[2018.04.17-01.11.22:434][803]LogModuleManager: Shutting down and abandoning module AudioCaptureEditor (536)
[2018.04.17-01.11.22:434][803]LogModuleManager: Shutting down and abandoning module SequenceRecorder (535)
[2018.04.17-01.11.22:434][803]LogModuleManager: Shutting down and abandoning module MatineeToLevelSequence (532)
[2018.04.17-01.11.22:434][803]LogModuleManager: Shutting down and abandoning module LevelSequenceEditor (530)
[2018.04.17-01.11.22:446][803]LogModuleManager: Shutting down and abandoning module PlacementMode (529)
[2018.04.17-01.11.22:446][803]LogModuleManager: Shutting down and abandoning module MaterialEditor (528)
[2018.04.17-01.11.22:505][803]LogModuleManager: Shutting down and abandoning module WmfMediaFactory (524)
[2018.04.17-01.11.22:505][803]LogModuleManager: Shutting down and abandoning module WmfMediaEditor (522)
[2018.04.17-01.11.22:505][803]LogModuleManager: Shutting down and abandoning module MediaPlayerEditor (520)
[2018.04.17-01.11.22:515][803]LogModuleManager: Shutting down and abandoning module OpenExrWrapper (518)
[2018.04.17-01.11.22:515][803]LogModuleManager: Shutting down and abandoning module ImgMediaFactory (516)
[2018.04.17-01.11.22:515][803]LogModuleManager: Shutting down and abandoning module ImgMediaEditor (514)
[2018.04.17-01.11.22:515][803]LogModuleManager: Shutting down and abandoning module AvfMediaFactory (512)
[2018.04.17-01.11.22:515][803]LogModuleManager: Shutting down and abandoning module AvfMediaEditor (510)
[2018.04.17-01.11.22:515][803]LogModuleManager: Shutting down and abandoning module AndroidMediaFactory (508)
[2018.04.17-01.11.22:515][803]LogModuleManager: Shutting down and abandoning module AndroidMediaEditor (506)
[2018.04.17-01.11.22:515][803]LogModuleManager: Shutting down and abandoning module CharacterAI (504)
[2018.04.17-01.11.22:515][803]LogModuleManager: Shutting down and abandoning module SmartSnapping (502)
[2018.04.17-01.11.22:515][803]LogModuleManager: Shutting down and abandoning module SessionServices (500)
[2018.04.17-01.11.22:515][803]LogModuleManager: Shutting down and abandoning module ViewportSnapping (498)
[2018.04.17-01.11.22:515][803]LogModuleManager: Shutting down and abandoning module ViewportInteraction (496)
[2018.04.17-01.11.22:515][803]LogModuleManager: Shutting down and abandoning module ClothPainter (494)
[2018.04.17-01.11.22:515][803]LogModuleManager: Shutting down and abandoning module SkeletalMeshEditor (493)
[2018.04.17-01.11.22:542][803]LogModuleManager: Shutting down and abandoning module LogVisualizer (490)
[2018.04.17-01.11.22:542][803]LogModuleManager: Shutting down and abandoning module IntroTutorials (488)
[2018.04.17-01.11.22:543][803]LogModuleManager: Shutting down and abandoning module GameProjectGeneration (487)
[2018.04.17-01.11.22:550][803]LogModuleManager: Shutting down and abandoning module IOSPlatformEditor (484)
[2018.04.17-01.11.22:550][803]LogModuleManager: Shutting down and abandoning module HTML5PlatformEditor (482)
[2018.04.17-01.11.22:550][803]LogModuleManager: Shutting down and abandoning module AndroidPlatformEditor (480)
[2018.04.17-01.11.22:550][803]LogModuleManager: Shutting down and abandoning module AndroidDeviceDetection (479)
[2018.04.17-01.11.23:327][803]LogModuleManager: Shutting down and abandoning module WindowsPlatformEditor (476)
[2018.04.17-01.11.23:327][803]LogModuleManager: Shutting down and abandoning module IOSRuntimeSettings (474)
[2018.04.17-01.11.23:327][803]LogModuleManager: Shutting down and abandoning module AndroidRuntimeSettings (472)
[2018.04.17-01.11.23:327][803]LogModuleManager: Shutting down and abandoning module InputBindingEditor (470)
[2018.04.17-01.11.23:327][803]LogModuleManager: Shutting down and abandoning module MergeActors (468)
[2018.04.17-01.11.23:345][803]LogModuleManager: Shutting down and abandoning module LocalizationDashboard (466)
[2018.04.17-01.11.23:349][803]LogModuleManager: Shutting down and abandoning module LocalizationService (465)
[2018.04.17-01.11.23:349][803]LogModuleManager: Shutting down and abandoning module HardwareTargeting (462)
[2018.04.17-01.11.23:349][803]LogModuleManager: Shutting down and abandoning module DeviceProfileEditor (460)
[2018.04.17-01.11.23:349][803]LogModuleManager: Shutting down and abandoning module UndoHistory (458)
[2018.04.17-01.11.23:349][803]LogModuleManager: Shutting down and abandoning module XmlParser (456)
[2018.04.17-01.11.23:349][803]LogModuleManager: Shutting down and abandoning module Blutility (454)
[2018.04.17-01.11.23:349][803]LogModuleManager: Shutting down and abandoning module ProjectSettingsViewer (452)
[2018.04.17-01.11.23:349][803]LogModuleManager: Shutting down and abandoning module ProjectTargetPlatformEditor (451)
[2018.04.17-01.11.23:349][803]LogModuleManager: Shutting down and abandoning module EditorSettingsViewer (448)
[2018.04.17-01.11.23:349][803]LogModuleManager: Shutting down and abandoning module SettingsEditor (446)
[2018.04.17-01.11.23:359][803]LogModuleManager: Shutting down and abandoning module ProjectLauncher (444)
[2018.04.17-01.11.23:370][803]LogModuleManager: Shutting down and abandoning module SessionFrontend (442)
[2018.04.17-01.11.23:370][803]LogModuleManager: Shutting down and abandoning module ProfilerClient (440)
[2018.04.17-01.11.23:379][803]LogModuleManager: Shutting down and abandoning module DeviceManager (438)
[2018.04.17-01.11.23:379][803]LogModuleManager: Shutting down and abandoning module TargetDeviceServices (437)
[2018.04.17-01.11.23:419][803]LogModuleManager: Shutting down and abandoning module AutomationController (434)
[2018.04.17-01.11.23:419][803]LogModuleManager: Shutting down and abandoning module AutomationWindow (432)
[2018.04.17-01.11.23:438][803]LogModuleManager: Shutting down and abandoning module Layers (430)
[2018.04.17-01.11.23:462][803]LogModuleManager: Shutting down and abandoning module ComponentVisualizers (428)
[2018.04.17-01.11.23:462][803]LogModuleManager: Shutting down and abandoning module DetailCustomizations (426)
[2018.04.17-01.11.23:462][803]LogModuleManager: Shutting down and abandoning module PackagesDialog (424)
[2018.04.17-01.11.23:462][803]LogModuleManager: Shutting down and abandoning module Persona (422)
[2018.04.17-01.11.23:469][803]LogModuleManager: Shutting down and abandoning module AdvancedPreviewScene (421)
[2018.04.17-01.11.23:469][803]LogModuleManager: Shutting down and abandoning module AnimGraph (419)
[2018.04.17-01.11.23:469][803]LogModuleManager: Shutting down and abandoning module Kismet (416)
[2018.04.17-01.11.23:469][803]LogModuleManager: Shutting down and abandoning module GraphEditor (414)
[2018.04.17-01.11.23:469][803]LogModuleManager: Shutting down and abandoning module ClassViewer (412)
[2018.04.17-01.11.23:470][803]LogModuleManager: Shutting down and abandoning module Toolbox (410)
[2018.04.17-01.11.23:470][803]LogModuleManager: Shutting down and abandoning module ModuleUI (408)
[2018.04.17-01.11.23:481][803]LogModuleManager: Shutting down and abandoning module MovieSceneTools (406)
[2018.04.17-01.11.23:481][803]LogModuleManager: Shutting down and abandoning module OutputLog (404)
[2018.04.17-01.11.23:490][803]LogModuleManager: Shutting down and abandoning module GammaUI (402)
[2018.04.17-01.11.23:498][803]LogModuleManager: Shutting down and abandoning module Documentation (400)
[2018.04.17-01.11.23:498][803]LogModuleManager: Shutting down and abandoning module MovieSceneTracks (398)
[2018.04.17-01.11.23:506][803]LogModuleManager: Shutting down and abandoning module MovieScene (396)
[2018.04.17-01.11.23:506][803]LogModuleManager: Shutting down and abandoning module StreamingPauseRendering (394)
[2018.04.17-01.11.23:506][803]LogModuleManager: Shutting down and abandoning module LauncherPlatform (392)
[2018.04.17-01.11.23:506][803]LogModuleManager: Shutting down and abandoning module AnalyticsET (390)
[2018.04.17-01.11.23:506][803]LogModuleManager: Shutting down and abandoning module PortalServices (388)
[2018.04.17-01.11.23:506][803]LogModuleManager: Shutting down and abandoning module PortalRpc (386)
[2018.04.17-01.11.23:506][803]LogModuleManager: Shutting down and abandoning module MessagingRpc (384)
[2018.04.17-01.11.23:506][803]LogModuleManager: Shutting down and abandoning module AIModule (382)
[2018.04.17-01.11.23:506][803]LogModuleManager: Shutting down and abandoning module GameplayDebugger (381)
[2018.04.17-01.11.23:506][803]LogModuleManager: Shutting down and abandoning module AITestSuite (379)
[2018.04.17-01.11.23:506][803]LogModuleManager: Shutting down and abandoning module DesktopPlatform (376)
[2018.04.17-01.11.23:506][803]LogModuleManager: Shutting down and abandoning module ProfilerService (374)
[2018.04.17-01.11.23:618][803]LogModuleManager: Shutting down and abandoning module TaskGraph (372)
[2018.04.17-01.11.23:618][803]LogModuleManager: Shutting down and abandoning module SteamVRController (370)
[2018.04.17-01.11.23:618][803]LogModuleManager: Shutting down and abandoning module ProceduralMeshComponentEditor (368)
[2018.04.17-01.11.23:618][803]LogModuleManager: Shutting down and abandoning module ProceduralMeshComponent (366)
[2018.04.17-01.11.23:618][803]LogModuleManager: Shutting down and abandoning module OculusInput (364)
[2018.04.17-01.11.23:618][803]LogModuleManager: Shutting down and abandoning module MobilePatchingUtils (362)
[2018.04.17-01.11.23:618][803]LogModuleManager: Shutting down and abandoning module CustomMeshComponent (360)
[2018.04.17-01.11.23:619][803]LogModuleManager: Shutting down and abandoning module CableComponent (358)
[2018.04.17-01.11.23:619][803]LogModuleManager: Shutting down and abandoning module AudioCapture (356)
[2018.04.17-01.11.23:619][803]LogModuleManager: Shutting down and abandoning module ArchVisCharacter (354)
[2018.04.17-01.11.23:619][803]LogModuleManager: Shutting down and abandoning module AndroidPermission (352)
[2018.04.17-01.11.23:619][803]LogModuleManager: Shutting down and abandoning module NUTUnrealEngine4 (348)
[2018.04.17-01.11.23:619][803]LogModuleManager: Shutting down and abandoning module NetcodeUnitTest (346)
[2018.04.17-01.11.23:619][803]LogModuleManager: Shutting down and abandoning module MediaCompositingEditor (344)
[2018.04.17-01.11.23:619][803]LogModuleManager: Shutting down and abandoning module MediaCompositing (342)
[2018.04.17-01.11.23:619][803]LogModuleManager: Shutting down and abandoning module LinearTimecode (340)
[2018.04.17-01.11.23:619][803]LogModuleManager: Shutting down and abandoning module ImgMedia (338)
[2018.04.17-01.11.23:636][803]LogModuleManager: Shutting down and abandoning module HTML5Networking (336)
[2018.04.17-01.11.23:636][803]LogModuleManager: Shutting down and abandoning module AlembicImporter (334)
[2018.04.17-01.11.23:636][803]LogModuleManager: Shutting down and abandoning module AlembicLibrary (333)
[2018.04.17-01.11.23:636][803]LogModuleManager: Shutting down and abandoning module GeometryCache (332)
[2018.04.17-01.11.23:636][803]LogModuleManager: Shutting down and abandoning module GeometryCacheEd (331)
[2018.04.17-01.11.23:636][803]LogModuleManager: Shutting down and abandoning module DatasmithContent (326)
[2018.04.17-01.11.23:636][803]LogModuleManager: Shutting down and abandoning module SpeedTreeImporter (324)
[2018.04.17-01.11.23:636][803]LogModuleManager: Shutting down and abandoning module PluginBrowser (322)
[2018.04.17-01.11.23:652][803]LogModuleManager: Shutting down and abandoning module MobileLauncherProfileWizard (320)
[2018.04.17-01.11.23:661][803]LogModuleManager: Shutting down and abandoning module CryptoKeysOpenSSL (318)
[2018.04.17-01.11.23:661][803]LogModuleManager: Shutting down and abandoning module CryptoKeys (316)
[2018.04.17-01.11.23:661][803]LogModuleManager: Shutting down and abandoning module VisualStudioSourceCodeAccess (314)
[2018.04.17-01.11.23:661][803]LogModuleManager: Shutting down and abandoning module VisualStudioCodeSourceCodeAccess (312)
[2018.04.17-01.11.23:661][803]LogModuleManager: Shutting down and abandoning module UObjectPlugin (310)
[2018.04.17-01.11.23:661][803]LogModuleManager: Shutting down and abandoning module SubversionSourceControl (308)
[2018.04.17-01.11.23:661][803]LogModuleManager: Shutting down and abandoning module PerforceSourceControl (306)
[2018.04.17-01.11.23:661][803]LogModuleManager: Shutting down and abandoning module GitSourceControl (304)
[2018.04.17-01.11.23:661][803]LogModuleManager: Shutting down and abandoning module SourceControl (303)
[2018.04.17-01.11.23:661][803]LogModuleManager: Shutting down and abandoning module CLionSourceCodeAccess (300)
[2018.04.17-01.11.23:661][803]LogModuleManager: Shutting down and abandoning module LightPropagationVolumeEditor (298)
[2018.04.17-01.11.23:661][803]LogModuleManager: Shutting down and abandoning module PaperTiledImporter (296)
[2018.04.17-01.11.23:661][803]LogModuleManager: Shutting down and abandoning module PaperSpriteSheetImporter (294)
[2018.04.17-01.11.23:661][803]LogModuleManager: Shutting down and abandoning module Paper2DEditor (292)
[2018.04.17-01.11.23:661][803]LogModuleManager: Shutting down and abandoning module MeshPaint (291)
[2018.04.17-01.11.23:661][803]LogModuleManager: Shutting down and abandoning module RuntimePhysXCooking (288)
[2018.04.17-01.11.23:661][803]LogModuleManager: Shutting down and abandoning module PhysXVehiclesEditor (286)
[2018.04.17-01.11.23:661][803]LogModuleManager: Shutting down and abandoning module PhysXVehicles (284)
[2018.04.17-01.11.23:661][803]LogModuleManager: Shutting down and abandoning module OculusEditor (282)
[2018.04.17-01.11.23:661][803]LogModuleManager: Shutting down and abandoning module LocationServicesBPLibrary (280)
[2018.04.17-01.11.23:662][803]LogModuleManager: Shutting down and abandoning module ImmediatePhysicsEditor (278)
[2018.04.17-01.11.23:662][803]LogModuleManager: Shutting down and abandoning module ImmediatePhysics (276)
[2018.04.17-01.11.23:662][803]LogModuleManager: Shutting down and abandoning module ActorSequence (274)
[2018.04.17-01.11.23:662][803]LogModuleManager: Shutting down and abandoning module UdpMessaging (272)
[2018.04.17-01.11.23:762][803]LogModuleManager: Shutting down and abandoning module TcpMessaging (270)
[2018.04.17-01.11.23:862][803]LogModuleManager: Shutting down and abandoning module GameplayTagsEditor (268)
[2018.04.17-01.11.23:862][803]LogModuleManager: Shutting down and abandoning module FacialAnimationEditor (266)
[2018.04.17-01.11.23:862][803]LogModuleManager: Shutting down and abandoning module FacialAnimation (264)
[2018.04.17-01.11.23:862][803]LogModuleManager: Shutting down and abandoning module DataValidation (262)
[2018.04.17-01.11.23:868][803]LogModuleManager: Shutting down and abandoning module AssetManagerEditor (260)
[2018.04.17-01.11.23:877][803]LogModuleManager: Shutting down and abandoning module LevelEditor (259)
[2018.04.17-01.11.23:879][803]LogModuleManager: Shutting down and abandoning module PixelInspectorModule (258)
[2018.04.17-01.11.23:879][803]LogModuleManager: Shutting down and abandoning module CommonMenuExtensions (256)
[2018.04.17-01.11.23:879][803]LogModuleManager: Shutting down and abandoning module MainFrame (254)
[2018.04.17-01.11.23:879][803]LogModuleManager: Shutting down and abandoning module HotReload (253)
[2018.04.17-01.11.23:879][803]LogModuleManager: Shutting down and abandoning module ContentBrowser (249)
[2018.04.17-01.11.23:880][803]LogModuleManager: Shutting down and abandoning module TreeMap (247)
[2018.04.17-01.11.23:880][803]LogModuleManager: Shutting down and abandoning module LightPropagationVolumeRuntime (244)
[2018.04.17-01.11.23:881][803]LogModuleManager: Shutting down and abandoning module LiveLinkEditor (242)
[2018.04.17-01.11.23:881][803]LogModuleManager: Shutting down and abandoning module LiveLink (240)
[2018.04.17-01.11.24:456][803]LogModuleManager: Shutting down and abandoning module Paper2D (238)
[2018.04.17-01.11.24:456][803]LogModuleManager: Shutting down and abandoning module WindowsMoviePlayer (236)
[2018.04.17-01.11.24:456][803]LogModuleManager: Shutting down and abandoning module WmfMedia (234)
[2018.04.17-01.11.24:483][803]LogModuleManager: Shutting down and abandoning module PacketHandler (232)
[2018.04.17-01.11.24:484][803]LogModuleManager: Shutting down and abandoning module ClothingSystemEditor (230)
[2018.04.17-01.11.24:484][803]LogModuleManager: Shutting down and abandoning module ClothingSystemRuntime (228)
[2018.04.17-01.11.24:498][803]LogModuleManager: Shutting down and abandoning module MediaAssets (226)
[2018.04.17-01.11.24:498][803]LogModuleManager: Shutting down and abandoning module Media (225)
[2018.04.17-01.11.24:503][803]LogModuleManager: Shutting down and abandoning module Overlay (222)
[2018.04.17-01.11.24:503][803]LogModuleManager: Shutting down and abandoning module OverlayEditor (221)
[2018.04.17-01.11.24:503][803]LogModuleManager: Shutting down and abandoning module VREditor (218)
[2018.04.17-01.11.24:516][803]LogModuleManager: Shutting down and abandoning module StringTableEditor (216)
[2018.04.17-01.11.24:516][803]LogModuleManager: Shutting down and abandoning module GameplayTasksEditor (214)
[2018.04.17-01.11.24:516][803]LogModuleManager: Shutting down and abandoning module BehaviorTreeEditor (212)
[2018.04.17-01.11.24:530][803]LogModuleManager: Shutting down and abandoning module FunctionalTesting (210)
[2018.04.17-01.11.24:530][803]LogModuleManager: Shutting down and abandoning module CollisionAnalyzer (208)
[2018.04.17-01.11.24:530][803]LogModuleManager: Shutting down and abandoning module WorkspaceMenuStructure (207)
[2018.04.17-01.11.24:530][803]LogModuleManager: Shutting down and abandoning module UMG (204)
[2018.04.17-01.11.24:530][803]LogModuleManager: Shutting down and abandoning module UMGEditor (203)
[2018.04.17-01.11.24:530][803]LogModuleManager: Shutting down and abandoning module Sequencer (202)
[2018.04.17-01.11.24:530][803]LogModuleManager: Shutting down and abandoning module MessageLog (199)
[2018.04.17-01.11.24:530][803]LogModuleManager: Shutting down and abandoning module SlateReflector (194)
[2018.04.17-01.11.24:565][803]LogModuleManager: Shutting down and abandoning module Slate (192)
[2018.04.17-01.11.24:565][803]LogModuleManager: Shutting down and abandoning module EditorStyle (190)
[2018.04.17-01.11.24:567][803]LogModuleManager: Shutting down and abandoning module MRMesh (188)
[2018.04.17-01.11.24:567][803]LogModuleManager: Shutting down and abandoning module SourceCodeAccess (186)
[2018.04.17-01.11.24:567][803]LogModuleManager: Shutting down and abandoning module HeadMountedDisplay (184)
[2018.04.17-01.11.24:567][803]LogModuleManager: Shutting down and abandoning module XAudio2 (182)
[2018.04.17-01.11.24:567][803]LogModuleManager: Shutting down and abandoning module Networking (180)
[2018.04.17-01.11.24:567][803]LogModuleManager: Shutting down and abandoning module Core (178)
[2018.04.17-01.11.24:567][803]LogModuleManager: Shutting down and abandoning module LevelSequence (176)
[2018.04.17-01.11.24:567][803]LogModuleManager: Shutting down and abandoning module KismetCompiler (174)
[2018.04.17-01.11.24:567][803]LogModuleManager: Shutting down and abandoning module MeshUtilities (172)
[2018.04.17-01.11.24:577][803]LogModuleManager: Shutting down and abandoning module MeshMergeUtilities (171)
[2018.04.17-01.11.24:577][803]LogModuleManager: Shutting down and abandoning module MeshReductionInterface (170)
[2018.04.17-01.11.24:577][803]LogModuleManager: Shutting down and abandoning module SimplygonSwarm (169)
[2018.04.17-01.11.24:577][803]LogModuleManager: Shutting down and abandoning module SimplygonMeshReduction (167)
[2018.04.17-01.11.24:577][803]LogModuleManager: Shutting down and abandoning module QuadricMeshReduction (165)
[2018.04.17-01.11.24:577][803]LogModuleManager: Shutting down and abandoning module MaterialBaking (161)
[2018.04.17-01.11.24:577][803]LogModuleManager: Shutting down and abandoning module DirectoryWatcher (157)
[2018.04.17-01.11.24:578][803]LogModuleManager: Shutting down and abandoning module DerivedDataCache (154)
[2018.04.17-01.11.24:584][803]LogDerivedDataCache: Shutdown
[2018.04.17-01.11.24:584][803]LogModuleManager: Shutting down and abandoning module XGEController (152)
[2018.04.17-01.11.24:584][803]LogModuleManager: Shutting down and abandoning module TargetPlatform (150)
[2018.04.17-01.11.24:584][803]LogModuleManager: Shutting down and abandoning module VulkanShaderFormat (149)
[2018.04.17-01.11.24:584][803]LogModuleManager: Shutting down and abandoning module ShaderFormatVectorVM (147)
[2018.04.17-01.11.24:589][803]LogModuleManager: Shutting down and abandoning module ShaderFormatOpenGL (145)
[2018.04.17-01.11.24:591][803]LogModuleManager: Shutting down and abandoning module ShaderFormatD3D (143)
[2018.04.17-01.11.24:591][803]LogModuleManager: Shutting down and abandoning module MetalShaderFormat (141)
[2018.04.17-01.11.24:606][803]LogModuleManager: Shutting down and abandoning module TextureFormatUncompressed (139)
[2018.04.17-01.11.24:606][803]LogModuleManager: Shutting down and abandoning module TextureFormatPVR (137)
[2018.04.17-01.11.24:606][803]LogModuleManager: Shutting down and abandoning module TextureFormatDXT (135)
[2018.04.17-01.11.24:606][803]LogModuleManager: Shutting down and abandoning module TextureFormatIntelISPCTexComp (133)
[2018.04.17-01.11.24:606][803]LogModuleManager: Shutting down and abandoning module TextureFormatASTC (131)
[2018.04.17-01.11.24:606][803]LogModuleManager: Shutting down and abandoning module ImageWrapper (130)
[2018.04.17-01.11.24:606][803]LogModuleManager: Shutting down and abandoning module TextureFormatAndroid (127)
[2018.04.17-01.11.24:606][803]LogModuleManager: Shutting down and abandoning module AudioFormatOpus (125)
[2018.04.17-01.11.24:606][803]LogModuleManager: Shutting down and abandoning module AudioFormatOgg (123)
[2018.04.17-01.11.24:606][803]LogModuleManager: Shutting down and abandoning module AudioFormatADPCM (121)
[2018.04.17-01.11.24:606][803]LogModuleManager: Shutting down and abandoning module LinuxTargetPlatform (119)
[2018.04.17-01.11.24:606][803]LogModuleManager: Shutting down and abandoning module LinuxServerTargetPlatform (117)
[2018.04.17-01.11.24:606][803]LogModuleManager: Shutting down and abandoning module LinuxNoEditorTargetPlatform (115)
[2018.04.17-01.11.24:606][803]LogModuleManager: Shutting down and abandoning module LinuxClientTargetPlatform (113)
[2018.04.17-01.11.24:606][803]LogModuleManager: Shutting down and abandoning module TVOSTargetPlatform (111)
[2018.04.17-01.11.24:606][803]LogModuleManager: Shutting down and abandoning module Messaging (109)
[2018.04.17-01.11.24:606][803]LogModuleManager: Shutting down and abandoning module IOSTargetPlatform (107)
[2018.04.17-01.11.24:606][803]LogModuleManager: Shutting down and abandoning module HTML5TargetPlatform (105)
[2018.04.17-01.11.24:606][803]LogModuleManager: Shutting down and abandoning module AndroidTargetPlatform (103)
[2018.04.17-01.11.24:607][803]LogModuleManager: Shutting down and abandoning module Android_PVRTCTargetPlatform (101)
[2018.04.17-01.11.24:607][803]LogModuleManager: Shutting down and abandoning module Android_MultiTargetPlatform (99)
[2018.04.17-01.11.24:607][803]LogModuleManager: Shutting down and abandoning module Android_ETC2TargetPlatform (97)
[2018.04.17-01.11.24:607][803]LogModuleManager: Shutting down and abandoning module Android_ETC1TargetPlatform (95)
[2018.04.17-01.11.24:607][803]LogModuleManager: Shutting down and abandoning module Android_ETC1aTargetPlatform (93)
[2018.04.17-01.11.24:607][803]LogModuleManager: Shutting down and abandoning module Android_DXTTargetPlatform (91)
[2018.04.17-01.11.24:607][803]LogModuleManager: Shutting down and abandoning module Android_ATCTargetPlatform (89)
[2018.04.17-01.11.24:607][803]LogModuleManager: Shutting down and abandoning module Android_ASTCTargetPlatform (87)
[2018.04.17-01.11.24:607][803]LogModuleManager: Shutting down and abandoning module WindowsTargetPlatform (85)
[2018.04.17-01.11.24:607][803]LogModuleManager: Shutting down and abandoning module WindowsServerTargetPlatform (83)
[2018.04.17-01.11.24:607][803]LogModuleManager: Shutting down and abandoning module WindowsNoEditorTargetPlatform (81)
[2018.04.17-01.11.24:607][803]LogModuleManager: Shutting down and abandoning module WindowsClientTargetPlatform (79)
[2018.04.17-01.11.24:607][803]LogModuleManager: Shutting down and abandoning module MacTargetPlatform (77)
[2018.04.17-01.11.24:607][803]LogModuleManager: Shutting down and abandoning module MacServerTargetPlatform (75)
[2018.04.17-01.11.24:607][803]LogModuleManager: Shutting down and abandoning module MacNoEditorTargetPlatform (73)
[2018.04.17-01.11.24:607][803]LogModuleManager: Shutting down and abandoning module MacClientTargetPlatform (71)
[2018.04.17-01.11.24:607][803]LogModuleManager: Shutting down and abandoning module AllDesktopTargetPlatform (69)
[2018.04.17-01.11.24:607][803]LogModuleManager: Shutting down and abandoning module InputCore (66)
[2018.04.17-01.11.24:607][803]LogModuleManager: Shutting down and abandoning module Settings (64)
[2018.04.17-01.11.24:607][803]LogModuleManager: Shutting down and abandoning module PhysXCooking (62)
[2018.04.17-01.11.24:607][803]LogModuleManager: Shutting down and abandoning module SteamVR (60)
[2018.04.17-01.11.24:607][803]LogModuleManager: Shutting down and abandoning module OculusHMD (58)
[2018.04.17-01.11.24:607][803]LogModuleManager: Shutting down and abandoning module ExampleDeviceProfileSelector (56)
[2018.04.17-01.11.24:607][803]LogModuleManager: Shutting down and abandoning module AppleARKit (54)
[2018.04.17-01.11.24:607][803]LogModuleManager: Shutting down and abandoning module AugmentedReality (51)
[2018.04.17-01.11.24:607][803]LogModuleManager: Shutting down and abandoning module OnlineBlueprintSupport (48)
[2018.04.17-01.11.24:607][803]LogModuleManager: Shutting down and abandoning module OnlineSubsystem (44)
[2018.04.17-01.11.24:620][803]LogModuleManager: Shutting down and abandoning module XMPP (43)
[2018.04.17-01.11.24:629][803]LogModuleManager: Shutting down and abandoning module HTTP (41)
[2018.04.17-01.11.24:629][803]LogHttp: Display: Http module shutting down, but needs to wait on 1 outstanding Http requests:
[2018.04.17-01.11.24:629][803]LogHttp: Display: 	verb=[POST] url=[https://datarouter.ol.epicgames.com/datarouter/api/v1/public/data?SessionID=%7B14F255B2-4919-4031-26B9-BEBDE539A537%7D&AppID=UEEditor.Rocket.Release&AppVersion=4.19.0-3944462%2B%2B%2BUE4%2BRelease-4.19&UserID=20944eaa46597d4d34dda391ac156a5a%7C2e206790acbc41f0be3b9848151d6f2d%7C1cdb1422-b377-409a-83b6-700a87cf2d93&AppEnvironment=datacollector-binary&UploadType=eteventstream] status=Processing
[2018.04.17-01.11.24:630][803]LogModuleManager: Shutting down and abandoning module SSL (40)
[2018.04.17-01.11.24:631][803]LogModuleManager: Shutting down and abandoning module AnimationModifiers (36)
[2018.04.17-01.11.24:631][803]LogModuleManager: Shutting down and abandoning module PropertyEditor (35)
[2018.04.17-01.11.24:643][803]LogModuleManager: Shutting down and abandoning module AudioEditor (32)
[2018.04.17-01.11.24:658][803]LogModuleManager: Shutting down and abandoning module TextureCompressor (30)
[2018.04.17-01.11.24:671][803]LogModuleManager: Shutting down and abandoning module ShaderCore (28)
[2018.04.17-01.11.24:671][803]LogModuleManager: Shutting down and abandoning module Landscape (26)
[2018.04.17-01.11.24:671][803]LogModuleManager: Shutting down and abandoning module SlateRHIRenderer (24)
[2018.04.17-01.11.24:677][803]LogModuleManager: Shutting down and abandoning module OpenGLDrv (22)
[2018.04.17-01.11.24:689][803]LogModuleManager: Shutting down and abandoning module D3D11RHI (20)
[2018.04.17-01.11.24:689][803]LogModuleManager: Shutting down and abandoning module AnimGraphRuntime (18)
[2018.04.17-01.11.24:689][803]LogModuleManager: Shutting down and abandoning module Renderer (16)
[2018.04.17-01.11.24:689][803]LogModuleManager: Shutting down and abandoning module Engine (14)
[2018.04.17-01.11.24:689][803]LogModuleManager: Shutting down and abandoning module CoreUObject (12)
[2018.04.17-01.11.24:689][803]LogModuleManager: Shutting down and abandoning module NetworkFile (10)
[2018.04.17-01.11.24:689][803]LogModuleManager: Shutting down and abandoning module CookedIterativeFile (8)
[2018.04.17-01.11.24:689][803]LogModuleManager: Shutting down and abandoning module StreamingFile (6)
[2018.04.17-01.11.24:689][803]LogModuleManager: Shutting down and abandoning module SandboxFile (4)
[2018.04.17-01.11.24:689][803]LogModuleManager: Shutting down and abandoning module PakFile (2)
[2018.04.17-01.11.24:701][803]LogExit: Exiting.
[2018.04.17-01.11.24:711][803]Log file closed, 04/16/18 21:11:24
